Using pre-set license
Built from '2020.3/release' branch; Version is '2020.3.2f1 (8fd9074bf66c) revision 9427207'; Using compiler version '192528614'; Build Type 'Release'
OS: 'Windows 10 Home; OS build 19042.928; Version 2009; 64bit' Language: 'en' Physical Memory: 8066 MB
BatchMode: 1, IsHumanControllingUs: 0, StartBugReporterOnCrash: 0, Is64bit: 1, IsPro: 0

 COMMAND LINE ARGUMENTS:
C:\Program Files\Unity\Hub\Editor\2020.3.2f1\Editor\Unity.exe
-adb2
-batchMode
-noUpm
-name
AssetImportWorker0
-projectPath
D:/Belgeler/Projeler/UnityGames/Protect Animal PC
-logFile
Logs/AssetImportWorker0.log
-srvPort
58871
Successfully changed project path to: D:/Belgeler/Projeler/UnityGames/Protect Animal PC
D:/Belgeler/Projeler/UnityGames/Protect Animal PC
Using Asset Import Pipeline V2.
Refreshing native plugins compatible for Editor in 79.20 ms, found 1 plugins.
Preloading 0 native plugins for Editor in 0.00 ms.
Initialize engine version: 2020.3.2f1 (8fd9074bf66c)
[Subsystems] Discovering subsystems at path C:/Program Files/Unity/Hub/Editor/2020.3.2f1/Editor/Data/Resources/UnitySubsystems
[Subsystems] Discovering subsystems at path D:/Belgeler/Projeler/UnityGames/Protect Animal PC/Assets
GfxDevice: creating device client; threaded=0
Direct3D:
    Version:  Direct3D 11.0 [level 11.1]
    Renderer: AMD Radeon (TM) R7 M340 (ID=0x6900)
    Vendor:   
    VRAM:     2038 MB
    Driver:   27.20.1034.6
Initialize mono
Mono path[0] = 'C:/Program Files/Unity/Hub/Editor/2020.3.2f1/Editor/Data/Managed'
Mono path[1] = 'C:/Program Files/Unity/Hub/Editor/2020.3.2f1/Editor/Data/MonoBleedingEdge/lib/mono/unityjit'
Mono config path = 'C:/Program Files/Unity/Hub/Editor/2020.3.2f1/Editor/Data/MonoBleedingEdge/etc'
Using monoOptions --debugger-agent=transport=dt_socket,embedding=1,server=y,suspend=n,address=127.0.0.1:56992
Begin MonoManager ReloadAssembly
Registering precompiled unity dll's ...
Register platform support module: C:/Program Files/Unity/Hub/Editor/2020.3.2f1/Editor/Data/PlaybackEngines/WindowsStandaloneSupport/UnityEditor.WindowsStandalone.Extensions.dll
Registered in 0.003277 seconds.
Native extension for WindowsStandalone target not found
Refreshing native plugins compatible for Editor in 50.61 ms, found 1 plugins.
Preloading 0 native plugins for Editor in 0.00 ms.
Invoked RoslynAnalysisRunner static constructor.
RoslynAnalysisRunner will not be running.
RoslynAnalysisRunner has terminated.
Mono: successfully reloaded assembly
- Completed reload, in  4.337 seconds
Platform modules already initialized, skipping
Registering precompiled user dll's ...
Registered in 0.001167 seconds.
Begin MonoManager ReloadAssembly
Native extension for WindowsStandalone target not found
Refreshing native plugins compatible for Editor in 52.83 ms, found 1 plugins.
Preloading 0 native plugins for Editor in 0.00 ms.
Invoked RoslynAnalysisRunner static constructor.
RoslynAnalysisRunner will not be running.
RoslynAnalysisRunner has terminated.
Mono: successfully reloaded assembly
- Completed reload, in  2.559 seconds
Platform modules already initialized, skipping
========================================================================
Worker process is ready to serve import requests
Launched and connected shader compiler UnityShaderCompiler.exe after 0.08 seconds
Refreshing native plugins compatible for Editor in 1.29 ms, found 1 plugins.
Preloading 0 native plugins for Editor in 0.00 ms.
Unloading 1841 Unused Serialized files (Serialized files now loaded: 0)
System memory in use before: 85.9 MB.
System memory in use after: 85.9 MB.

Unloading 19 unused Assets to reduce memory usage. Loaded Objects now: 2288.
Total: 5.668100 ms (FindLiveObjects: 0.418600 ms CreateObjectMapping: 0.681700 ms MarkObjects: 4.455100 ms  DeleteObjects: 0.107100 ms)

========================================================================
Received Import Request.
  path: Assets/Sahne1.prefab
  artifactKey: Guid(9dc5117437996974bbf1ea4d5d1a3b8d) Importer(815301076,1909f56bfc062723c751e8b465ee728b)
Start importing Assets/Sahne1.prefab using Guid(9dc5117437996974bbf1ea4d5d1a3b8d) Importer(815301076,1909f56bfc062723c751e8b465ee728b)  -> (artifact id: 'ad18d89d7e08ebf1f2ca4a63138ed29d') in 0.179522 seconds
  Import took 0.186210 seconds .

========================================================================
Received Import Request.
  Time since last request: 0.000254 seconds.
  path: Assets/Scenes
  artifactKey: Guid(20e01f10baebea0419252bdfaa448db4) Importer(815301076,1909f56bfc062723c751e8b465ee728b)
Start importing Assets/Scenes using Guid(20e01f10baebea0419252bdfaa448db4) Importer(815301076,1909f56bfc062723c751e8b465ee728b)  -> (artifact id: '55813a022fc5b5ed76ee58e1db55368e') in 0.013464 seconds
  Import took 0.022373 seconds .

========================================================================
Received Import Request.
  Time since last request: 1.994140 seconds.
  path: Assets/Scenes/MainMenu.unity
  artifactKey: Guid(9064db0c5db71f6419507ca4d30fa313) Importer(815301076,1909f56bfc062723c751e8b465ee728b)
Start importing Assets/Scenes/MainMenu.unity using Guid(9064db0c5db71f6419507ca4d30fa313) Importer(815301076,1909f56bfc062723c751e8b465ee728b)  -> (artifact id: '03387f227aacc79dd5066ce15f0a6159') in 0.013199 seconds
  Import took 0.020487 seconds .

========================================================================
Received Prepare
Registering precompiled user dll's ...
Registered in 0.001927 seconds.
Begin MonoManager ReloadAssembly
Native extension for WindowsStandalone target not found
Refreshing native plugins compatible for Editor in 0.52 ms, found 1 plugins.
Preloading 0 native plugins for Editor in 0.00 ms.
Invoked RoslynAnalysisRunner static constructor.
RoslynAnalysisRunner will not be running.
RoslynAnalysisRunner has terminated.
Mono: successfully reloaded assembly
- Completed reload, in  1.256 seconds
Platform modules already initialized, skipping
Refreshing native plugins compatible for Editor in 0.62 ms, found 1 plugins.
Preloading 0 native plugins for Editor in 0.00 ms.
Unloading 1832 Unused Serialized files (Serialized files now loaded: 0)
System memory in use before: 85.5 MB.
System memory in use after: 85.6 MB.

Unloading 8 unused Assets to reduce memory usage. Loaded Objects now: 2291.
Total: 2.976600 ms (FindLiveObjects: 0.492700 ms CreateObjectMapping: 0.234700 ms MarkObjects: 2.227600 ms  DeleteObjects: 0.019500 ms)

========================================================================
Received Prepare
Refreshing native plugins compatible for Editor in 2.30 ms, found 1 plugins.
Preloading 0 native plugins for Editor in 0.00 ms.
Unloading 6 Unused Serialized files (Serialized files now loaded: 0)
System memory in use before: 49.4 MB.
System memory in use after: 49.5 MB.

Unloading 5 unused Assets to reduce memory usage. Loaded Objects now: 2291.
Total: 4.859000 ms (FindLiveObjects: 0.408700 ms CreateObjectMapping: 0.163000 ms MarkObjects: 4.254100 ms  DeleteObjects: 0.030300 ms)

AssetImportWorkerClient::OnTransportError - code=2 error=End of file
